<?xml version="1.0" encoding="UTF-8"?>
<testsuite xmlns:xsi="http://www.w3.org/2001/XMLSchema-instance" xsi:noNamespaceSchemaLocation="https://maven.apache.org/surefire/maven-surefire-plugin/xsd/surefire-test-report-3.0.xsd" version="3.0" name="runner.TestRunner" time="31.587" tests="1" errors="0" skipped="0" failures="0">
  <properties>
[...]
</properties>
  <testcase name="Validate Login Features" classname="Test For login" time="26.271">
    <system-out><![CDATA[
Scenario: Validate Login Features                                                    # src/test/resources/features/Login.feature:5
  Given I open the url "https://format-ui-qa.nonprod.programming.disney.com/format/" # StepDefinition.Login.i_open_the_url(java.lang.String)
  When I enter as "test180@disney.com" in the field Company email                    # StepDefinition.Login.i_enter_as_in_the_field_company_email(java.lang.String)
  And I click on button "Next"                                                       # StepDefinition.Login.i_click_on_button(java.lang.String)
  And I enter "Mickeyminnie123" in the field  Password                               # StepDefinition.Login.i_enter_in_the_field_password(java.lang.String)
  And I click on the button "LOGIN WITH MY ID"                                       # StepDefinition.Login.i_click_on_the_button(java.lang.String)
  Then I succesfully login to the application                                        # StepDefinition.Login.i_succesfully_login_to_the_application()
]]></system-out>
    <system-err><![CDATA[Starting ChromeDriver 114.0.5735.90 (386bc09e8f4f2e025eddae123f36f6263096ae49-refs/branch-heads/5735@{#1052}) on port 1272
Only local connections are allowed.
Please see https://chromedriver.chromium.org/security-considerations for suggestions on keeping ChromeDriver safe.
ChromeDriver was started successfully.
Jun 12, 2023 7:53:45 AM org.openqa.selenium.devtools.CdpVersionFinder findNearestMatch
WARNING: Unable to find an exact match for CDP version 114, so returning the closest version found: 111
]]></system-err>
  </testcase>
</testsuite>